2025-01-14 20:59:31,964 - INFO - Loading config from ./config/default_mission.yaml
2025-01-14 20:59:31,969 - INFO - Connecting to vehicle...
2025-01-14 20:59:32,878 - INFO - ArduCopter V4.7.0-dev (60955121)
2025-01-14 20:59:32,881 - INFO - c69cd3192d63455ebe5fca073899c393
2025-01-14 20:59:32,883 - INFO - Frame: QUAD/PLUS
2025-01-14 20:59:33,674 - INFO - Successfully connected to the vehicle.
2025-01-14 20:59:34,117 - INFO - Mission path plot saved as 'logs/mission_path.png'.
2025-01-14 20:59:34,125 - INFO - Uploading mission commands...
2025-01-14 20:59:34,138 - WARNING - got MISSION_ITEM; GCS should send MISSION_ITEM_INT
2025-01-14 20:59:34,254 - INFO - Flight plan received
2025-01-14 20:59:34,326 - INFO - Mission uploaded successfully.
2025-01-14 20:59:34,327 - INFO - Total mission distance: 5702.92 meters
2025-01-14 20:59:34,327 - INFO - Estimated time to completion: 570.29 seconds
2025-01-14 20:59:34,327 - INFO - Starting mission in GUIDED mode...
2025-01-14 20:59:34,327 - INFO - Waiting for GUIDED mode...
2025-01-14 20:59:35,328 - INFO - Waiting for vehicle to arm...
2025-01-14 20:59:35,361 - INFO - Arming motors
2025-01-14 20:59:36,329 - INFO - Current altitude: 0.00 m
2025-01-14 20:59:37,331 - INFO - Current altitude: 0.00 m
2025-01-14 20:59:38,332 - INFO - Current altitude: 0.00 m
2025-01-14 20:59:39,334 - INFO - Current altitude: 0.07 m
2025-01-14 20:59:40,335 - INFO - Current altitude: 1.09 m
2025-01-14 20:59:41,043 - INFO - EKF3 IMU1 MAG0 in-flight yaw alignment complete
2025-01-14 20:59:41,048 - INFO - EKF3 IMU0 MAG0 in-flight yaw alignment complete
2025-01-14 20:59:41,337 - INFO - Current altitude: 3.02 m
2025-01-14 20:59:42,338 - INFO - Current altitude: 5.56 m
2025-01-14 20:59:43,340 - INFO - Current altitude: 8.05 m
2025-01-14 20:59:44,341 - INFO - Current altitude: 10.53 m
2025-01-14 20:59:45,342 - INFO - Current altitude: 13.01 m
2025-01-14 20:59:46,343 - INFO - Current altitude: 16.14 m
2025-01-14 20:59:47,344 - INFO - Current altitude: 18.02 m
2025-01-14 20:59:48,347 - INFO - Current altitude: 21.14 m
2025-01-14 20:59:49,349 - INFO - Current altitude: 23.63 m
2025-01-14 20:59:50,350 - INFO - Current altitude: 26.00 m
2025-01-14 20:59:51,351 - INFO - Current altitude: 27.84 m
2025-01-14 20:59:52,352 - INFO - Current altitude: 29.13 m
2025-01-14 20:59:52,352 - INFO - Reached target altitude.
2025-01-14 20:59:52,352 - INFO - Switching to AUTO mode for the mission...
2025-01-14 20:59:52,358 - INFO - Mission: 1 WP
2025-01-14 20:59:54,354 - INFO - Current Waypoint: 1
2025-01-14 20:59:54,354 - INFO - Remaining distance: 5679.68 meters
2025-01-14 20:59:54,354 - INFO - Estimated time to completion: 567.97 seconds
2025-01-14 20:59:54,575 - INFO - Reached command #1
2025-01-14 20:59:54,576 - INFO - Mission: 2 WP
2025-01-14 20:59:56,356 - INFO - Current Waypoint: 2
2025-01-14 20:59:56,356 - INFO - Remaining distance: 5678.43 meters
2025-01-14 20:59:56,356 - INFO - Estimated time to completion: 567.84 seconds
2025-01-14 21:00:53,753 - INFO - Reached command #2
2025-01-14 21:00:53,754 - INFO - Mission: 3 WP
2025-01-14 21:00:54,410 - INFO - Current Waypoint: 3
2025-01-14 21:00:54,410 - INFO - Remaining distance: 5116.70 meters
2025-01-14 21:00:54,410 - INFO - Estimated time to completion: 511.67 seconds
2025-01-14 21:01:33,064 - INFO - Reached command #3
2025-01-14 21:01:33,067 - INFO - Mission: 4 WP
2025-01-14 21:01:34,450 - INFO - Current Waypoint: 4
2025-01-14 21:01:34,451 - INFO - Remaining distance: 4725.69 meters
2025-01-14 21:01:34,451 - INFO - Estimated time to completion: 472.57 seconds
2025-01-14 21:02:12,998 - INFO - Reached command #4
2025-01-14 21:02:12,999 - INFO - Mission: 5 WP
2025-01-14 21:02:14,491 - INFO - Current Waypoint: 5
2025-01-14 21:02:14,491 - INFO - Remaining distance: 4336.33 meters
2025-01-14 21:02:14,491 - INFO - Estimated time to completion: 433.63 seconds
2025-01-14 21:03:00,973 - INFO - Reached command #5
2025-01-14 21:03:00,976 - INFO - Mission: 6 WP
2025-01-14 21:03:02,537 - INFO - Current Waypoint: 6
2025-01-14 21:03:02,537 - INFO - Remaining distance: 3859.71 meters
2025-01-14 21:03:02,537 - INFO - Estimated time to completion: 385.97 seconds
2025-01-14 21:03:40,327 - INFO - Reached command #6
2025-01-14 21:03:40,328 - INFO - Mission: 7 WP
2025-01-14 21:03:40,575 - INFO - Current Waypoint: 7
2025-01-14 21:03:40,576 - INFO - Remaining distance: 3482.10 meters
2025-01-14 21:03:40,576 - INFO - Estimated time to completion: 348.21 seconds
2025-01-14 21:04:19,916 - INFO - Reached command #7
2025-01-14 21:04:19,917 - INFO - Mission: 8 WP
2025-01-14 21:04:20,614 - INFO - Current Waypoint: 8
2025-01-14 21:04:20,615 - INFO - Remaining distance: 3092.56 meters
2025-01-14 21:04:20,615 - INFO - Estimated time to completion: 309.26 seconds
2025-01-14 21:05:07,728 - INFO - Reached command #8
2025-01-14 21:05:07,730 - INFO - Mission: 9 WP
2025-01-14 21:05:08,664 - INFO - Current Waypoint: 9
2025-01-14 21:05:08,664 - INFO - Remaining distance: 2615.34 meters
2025-01-14 21:05:08,664 - INFO - Estimated time to completion: 261.53 seconds
2025-01-14 21:05:47,574 - INFO - Reached command #9
2025-01-14 21:05:47,576 - INFO - Mission: 10 WP
2025-01-14 21:05:48,704 - INFO - Current Waypoint: 10
2025-01-14 21:05:48,704 - INFO - Remaining distance: 2227.33 meters
2025-01-14 21:05:48,704 - INFO - Estimated time to completion: 222.73 seconds
2025-01-14 21:06:27,420 - INFO - Reached command #10
2025-01-14 21:06:27,421 - INFO - Mission: 11 WP
2025-01-14 21:06:28,744 - INFO - Current Waypoint: 11
2025-01-14 21:06:28,744 - INFO - Remaining distance: 1836.58 meters
2025-01-14 21:06:28,745 - INFO - Estimated time to completion: 183.66 seconds
2025-01-14 21:07:17,848 - INFO - Reached command #11
2025-01-14 21:07:17,850 - INFO - Mission: 12 WP
2025-01-14 21:07:18,793 - INFO - Current Waypoint: 12
2025-01-14 21:07:18,793 - INFO - Remaining distance: 1282.09 meters
2025-01-14 21:07:18,793 - INFO - Estimated time to completion: 128.21 seconds
2025-01-14 21:07:29,589 - INFO - Reached command #12
2025-01-14 21:07:29,592 - INFO - Mission: 13 WP
2025-01-14 21:07:30,805 - INFO - Current Waypoint: 13
2025-01-14 21:07:30,806 - INFO - Remaining distance: 1134.95 meters
2025-01-14 21:07:30,806 - INFO - Estimated time to completion: 113.50 seconds
2025-01-14 21:08:11,534 - INFO - Reached command #13
2025-01-14 21:08:11,537 - INFO - Mission: 14 WP
2025-01-14 21:08:12,848 - INFO - Current Waypoint: 14
2025-01-14 21:08:12,849 - INFO - Remaining distance: 971.53 meters
2025-01-14 21:08:12,849 - INFO - Estimated time to completion: 97.15 seconds
2025-01-14 21:08:52,170 - INFO - Reached command #14
2025-01-14 21:08:52,171 - INFO - Mission: 15 WP
2025-01-14 21:08:52,889 - INFO - Current Waypoint: 15
2025-01-14 21:08:52,889 - INFO - Remaining distance: 592.03 meters
2025-01-14 21:08:52,889 - INFO - Estimated time to completion: 59.20 seconds
2025-01-14 21:09:25,604 - INFO - Reached command #15
2025-01-14 21:09:25,605 - INFO - Mission: 16 WP
2025-01-14 21:09:26,923 - INFO - Current Waypoint: 16
2025-01-14 21:09:26,923 - INFO - Remaining distance: 0.00 meters
2025-01-14 21:09:26,924 - INFO - Estimated time to completion: 0.00 seconds
2025-01-14 21:09:56,555 - INFO - Reached command #16
2025-01-14 21:09:56,556 - INFO - Mission: 17 Land
2025-01-14 21:09:56,955 - INFO - Current Waypoint: 17
2025-01-14 21:09:56,955 - INFO - Remaining distance: 0.00 meters
2025-01-14 21:09:56,955 - INFO - Estimated time to completion: 0.00 seconds
2025-01-14 21:09:56,955 - INFO - Mission complete.
